mode: set
github.com/k8s-crd-tutorial/controllers/buyer_controller.go:56.97,61.16 4 1
github.com/k8s-crd-tutorial/controllers/buyer_controller.go:68.2,69.16 2 1
github.com/k8s-crd-tutorial/controllers/buyer_controller.go:73.2,79.33 4 1
github.com/k8s-crd-tutorial/controllers/buyer_controller.go:100.2,107.27 4 1
github.com/k8s-crd-tutorial/controllers/buyer_controller.go:61.16,62.29 1 0
github.com/k8s-crd-tutorial/controllers/buyer_controller.go:65.3,65.28 1 0
github.com/k8s-crd-tutorial/controllers/buyer_controller.go:62.29,64.4 1 0
github.com/k8s-crd-tutorial/controllers/buyer_controller.go:69.16,72.3 2 0
github.com/k8s-crd-tutorial/controllers/buyer_controller.go:79.33,80.18 1 1
github.com/k8s-crd-tutorial/controllers/buyer_controller.go:83.3,96.28 8 1
github.com/k8s-crd-tutorial/controllers/buyer_controller.go:80.18,81.9 1 0
github.com/k8s-crd-tutorial/controllers/buyer_controller.go:110.133,123.39 7 1
github.com/k8s-crd-tutorial/controllers/buyer_controller.go:130.2,130.19 1 1
github.com/k8s-crd-tutorial/controllers/buyer_controller.go:133.2,133.17 1 1
github.com/k8s-crd-tutorial/controllers/buyer_controller.go:123.39,126.42 1 1
github.com/k8s-crd-tutorial/controllers/buyer_controller.go:126.42,128.4 1 1
github.com/k8s-crd-tutorial/controllers/buyer_controller.go:130.19,132.3 1 0
github.com/k8s-crd-tutorial/controllers/buyer_controller.go:137.68,141.2 1 0
github.com/k8s-crd-tutorial/controllers/seller_controller.go:53.98,58.16 4 1
github.com/k8s-crd-tutorial/controllers/seller_controller.go:65.2,66.16 2 1
github.com/k8s-crd-tutorial/controllers/seller_controller.go:70.2,76.31 4 1
github.com/k8s-crd-tutorial/controllers/seller_controller.go:96.2,104.27 5 1
github.com/k8s-crd-tutorial/controllers/seller_controller.go:58.16,59.29 1 0
github.com/k8s-crd-tutorial/controllers/seller_controller.go:62.3,62.28 1 0
github.com/k8s-crd-tutorial/controllers/seller_controller.go:59.29,61.4 1 0
github.com/k8s-crd-tutorial/controllers/seller_controller.go:66.16,69.3 2 0
github.com/k8s-crd-tutorial/controllers/seller_controller.go:76.31,77.18 1 1
github.com/k8s-crd-tutorial/controllers/seller_controller.go:80.3,92.27 7 1
github.com/k8s-crd-tutorial/controllers/seller_controller.go:77.18,78.9 1 0
github.com/k8s-crd-tutorial/controllers/seller_controller.go:107.134,120.37 7 1
github.com/k8s-crd-tutorial/controllers/seller_controller.go:127.2,127.19 1 1
github.com/k8s-crd-tutorial/controllers/seller_controller.go:130.2,130.17 1 1
github.com/k8s-crd-tutorial/controllers/seller_controller.go:120.37,123.42 1 1
github.com/k8s-crd-tutorial/controllers/seller_controller.go:123.42,125.4 1 1
github.com/k8s-crd-tutorial/controllers/seller_controller.go:127.19,129.3 1 0
github.com/k8s-crd-tutorial/controllers/seller_controller.go:134.69,138.2 1 0
